<?xml version="1.0" encoding="UTF-8"?>
<testsuite xmlns:xsi="http://www.w3.org/2001/XMLSchema-instance" xsi:noNamespaceSchemaLocation="https://maven.apache.org/surefire/maven-surefire-plugin/xsd/surefire-test-report-3.0.xsd" version="3.0" name="com.example.demo.ApplicationIntegrationTest" time="11.271" tests="3" errors="0" skipped="0" failures="0">
  <properties>
[...]
</properties>
  <testcase name="testProductOrderAndOrderDetailCrud" classname="com.example.demo.ApplicationIntegrationTest" time="1.773">
    <system-out><![CDATA[18:02:09.730 [main] INFO org.springframework.test.context.support.AnnotationConfigContextLoaderUtils -- Could not detect default configuration classes for test class [com.example.demo.ApplicationIntegrationTest]: ApplicationIntegrationTest does not declare any static, non-private, non-final, nested classes annotated with @Configuration.
18:02:09.911 [main] INFO org.springframework.boot.test.context.SpringBootTestContextBootstrapper -- Found @SpringBootConfiguration com.example.demo.DemoApplication for test class com.example.demo.ApplicationIntegrationTest

  .   ____          _            __ _ _
 /\\ / ___'_ __ _ _(_)_ __  __ _ \ \ \ \
( ( )\___ | '_ | '_| | '_ \/ _` | \ \ \ \
 \\/  ___)| |_)| | | | | || (_| |  ) ) ) )
  '  |____| .__|_| |_|_| |_\__, | / / / /
 =========|_|==============|___/=/_/_/_/

 :: Spring Boot ::                (v3.3.2)

2026-08-11T18:02:10.608+07:00  INFO 20052 --- [           main] c.e.demo.ApplicationIntegrationTest      : Starting ApplicationIntegrationTest using Java 21.0.12 with PID 20052 (started by hieua in D:\document\unknow\web\testFlyway)
2026-08-11T18:02:10.610+07:00  INFO 20052 --- [           main] c.e.demo.ApplicationIntegrationTest      : No active profile set, falling back to 1 default profile: "default"
2026-08-11T18:02:12.049+07:00  INFO 20052 --- [           main] .s.d.r.c.RepositoryConfigurationDelegate : Bootstrapping Spring Data JPA repositories in DEFAULT mode.
2026-08-11T18:02:12.180+07:00  INFO 20052 --- [           main] .s.d.r.c.RepositoryConfigurationDelegate : Finished Spring Data repository scanning in 112 ms. Found 4 JPA repository interfaces.
2026-08-11T18:02:13.318+07:00  INFO 20052 --- [           main] o.s.b.w.embedded.tomcat.TomcatWebServer  : Tomcat initialized with port 0 (http)
2026-08-11T18:02:13.335+07:00  INFO 20052 --- [           main] o.apache.catalina.core.StandardService   : Starting service [Tomcat]
2026-08-11T18:02:13.336+07:00  INFO 20052 --- [           main] o.apache.catalina.core.StandardEngine    : Starting Servlet engine: [Apache Tomcat/10.1.26]
2026-08-11T18:02:13.445+07:00  INFO 20052 --- [           main] o.a.c.c.C.[Tomcat].[localhost].[/]       : Initializing Spring embedded WebApplicationContext
2026-08-11T18:02:13.448+07:00  INFO 20052 --- [           main] w.s.c.ServletWebServerApplicationContext : Root WebApplicationContext: initialization completed in 2795 ms
2026-08-11T18:02:14.281+07:00  INFO 20052 --- [           main] com.zaxxer.hikari.HikariDataSource       : HikariPool-1 - Starting...
2026-08-11T18:02:14.600+07:00  INFO 20052 --- [           main] com.zaxxer.hikari.pool.HikariPool        : HikariPool-1 - Added connection org.postgresql.jdbc.PgConnection@7d8b66d9
2026-08-11T18:02:14.602+07:00  INFO 20052 --- [           main] com.zaxxer.hikari.HikariDataSource       : HikariPool-1 - Start completed.
2026-08-11T18:02:14.660+07:00  INFO 20052 --- [           main] org.flywaydb.core.FlywayExecutor         : Database: jdbc:postgresql://localhost:5432/demo_flyway (PostgreSQL 17.8)
2026-08-11T18:02:14.675+07:00  WARN 20052 --- [           main] o.f.c.internal.database.base.Database    : Flyway upgrade recommended: PostgreSQL 17.8 is newer than this version of Flyway and support has not been tested. The latest supported version of PostgreSQL is 16.
2026-08-11T18:02:14.781+07:00  INFO 20052 --- [           main] o.f.core.internal.command.DbValidate     : Successfully validated 5 migrations (execution time 00:00.086s)
2026-08-11T18:02:14.844+07:00  INFO 20052 --- [           main] o.f.core.internal.command.DbMigrate      : Current version of schema "public": 4
2026-08-11T18:02:14.869+07:00  INFO 20052 --- [           main] o.f.core.internal.command.DbMigrate      : Migrating schema "public" to version "5 - Fix Sequence"
2026-08-11T18:02:14.895+07:00  INFO 20052 --- [           main] o.f.c.i.s.DefaultSqlScriptExecutor       : +--------+
| setval |
+--------+
| 3      |
+--------+

2026-08-11T18:02:14.931+07:00  INFO 20052 --- [           main] o.f.core.internal.command.DbMigrate      : Successfully applied 1 migration to schema "public", now at version v5 (execution time 00:00.029s)
2026-08-11T18:02:15.127+07:00  INFO 20052 --- [           main] o.hibernate.jpa.internal.util.LogHelper  : HHH000204: Processing PersistenceUnitInfo [name: default]
2026-08-11T18:02:15.245+07:00  INFO 20052 --- [           main] org.hibernate.Version                    : HHH000412: Hibernate ORM core version 6.5.2.Final
2026-08-11T18:02:15.294+07:00  INFO 20052 --- [           main] o.h.c.internal.RegionFactoryInitiator    : HHH000026: Second-level cache disabled
2026-08-11T18:02:15.769+07:00  INFO 20052 --- [           main] o.s.o.j.p.SpringPersistenceUnitInfo      : No LoadTimeWeaver setup: ignoring JPA class transformer
2026-08-11T18:02:15.869+07:00  WARN 20052 --- [           main] org.hibernate.orm.deprecation            : HHH90000025: PostgreSQLDialect does not need to be specified explicitly using 'hibernate.dialect' (remove the property setting and it will be selected by default)
2026-08-11T18:02:17.069+07:00  INFO 20052 --- [           main] o.h.e.t.j.p.i.JtaPlatformInitiator       : HHH000489: No JTA platform available (set 'hibernate.transaction.jta.platform' to enable JTA platform integration)
Hibernate: 
    alter table if exists products 
       alter column description set data type TEXT
2026-08-11T18:02:17.205+07:00  INFO 20052 --- [           main] j.LocalContainerEntityManagerFactoryBean : Initialized JPA EntityManagerFactory for persistence unit 'default'
2026-08-11T18:02:17.899+07:00  WARN 20052 --- [           main] JpaBaseConfiguration$JpaWebConfiguration : spring.jpa.open-in-view is enabled by default. Therefore, database queries may be performed during view rendering. Explicitly configure spring.jpa.open-in-view to disable this warning
2026-08-11T18:02:18.785+07:00  INFO 20052 --- [           main] o.s.b.w.embedded.tomcat.TomcatWebServer  : Tomcat started on port 57166 (http) with context path '/'
2026-08-11T18:02:18.807+07:00  INFO 20052 --- [           main] c.e.demo.ApplicationIntegrationTest      : Started ApplicationIntegrationTest in 8.654 seconds (process running for 10.178)
2026-08-11T18:02:19.744+07:00  INFO 20052 --- [o-auto-1-exec-2] o.a.c.c.C.[Tomcat].[localhost].[/]       : Initializing Spring DispatcherServlet 'dispatcherServlet'
2026-08-11T18:02:19.745+07:00  INFO 20052 --- [o-auto-1-exec-2] o.s.web.servlet.DispatcherServlet        : Initializing Servlet 'dispatcherServlet'
2026-08-11T18:02:19.748+07:00  INFO 20052 --- [o-auto-1-exec-2] o.s.web.servlet.DispatcherServlet        : Completed initialization in 3 ms
Hibernate: 
    select
        u1_0.id 
    from
        users u1_0 
    where
        u1_0.email=? 
    fetch
        first ? rows only
Hibernate: 
    insert 
    into
        users
        (email, name) 
    values
        (?, ?) 
    returning id
Hibernate: 
    insert 
    into
        products
        (description, name, price, quantity) 
    values
        (?, ?, ?, ?) 
    returning id
Hibernate: 
    select
        u1_0.id,
        u1_0.email,
        u1_0.name 
    from
        users u1_0 
    where
        u1_0.id=?
Hibernate: 
    insert 
    into
        orders
        (created_at, status, total_amount, user_id) 
    values
        (?, ?, ?, ?) 
    returning id
Hibernate: 
    select
        o1_0.id,
        o1_0.created_at,
        o1_0.status,
        o1_0.total_amount,
        o1_0.user_id,
        u1_0.id,
        u1_0.email,
        u1_0.name 
    from
        orders o1_0 
    join
        users u1_0 
            on u1_0.id=o1_0.user_id 
    where
        o1_0.id=?
Hibernate: 
    select
        p1_0.id,
        p1_0.description,
        p1_0.name,
        p1_0.price,
        p1_0.quantity 
    from
        products p1_0 
    where
        p1_0.id=?
Hibernate: 
    insert 
    into
        order_details
        (order_id, price, product_id, quantity) 
    values
        (?, ?, ?, ?) 
    returning id
Hibernate: 
    select
        o1_0.id,
        o1_0.created_at,
        o1_0.status,
        o1_0.total_amount,
        o1_0.user_id,
        u1_0.id,
        u1_0.email,
        u1_0.name 
    from
        orders o1_0 
    join
        users u1_0 
            on u1_0.id=o1_0.user_id 
    where
        o1_0.id=?
Hibernate: 
    select
        od1_0.id,
        od1_0.order_id,
        o1_0.id,
        o1_0.created_at,
        o1_0.status,
        o1_0.total_amount,
        o1_0.user_id,
        u1_0.id,
        u1_0.email,
        u1_0.name,
        od1_0.price,
        od1_0.product_id,
        p1_0.id,
        p1_0.description,
        p1_0.name,
        p1_0.price,
        p1_0.quantity,
        od1_0.quantity 
    from
        order_details od1_0 
    join
        orders o1_0 
            on o1_0.id=od1_0.order_id 
    left join
        users u1_0 
            on u1_0.id=o1_0.user_id 
    join
        products p1_0 
            on p1_0.id=od1_0.product_id 
    where
        od1_0.id=?
Hibernate: 
    delete 
    from
        order_details 
    where
        id=?
Hibernate: 
    select
        o1_0.id,
        o1_0.created_at,
        o1_0.status,
        o1_0.total_amount,
        o1_0.user_id,
        u1_0.id,
        u1_0.email,
        u1_0.name 
    from
        orders o1_0 
    join
        users u1_0 
            on u1_0.id=o1_0.user_id 
    where
        o1_0.id=?
Hibernate: 
    delete 
    from
        orders 
    where
        id=?
Hibernate: 
    select
        p1_0.id,
        p1_0.description,
        p1_0.name,
        p1_0.price,
        p1_0.quantity 
    from
        products p1_0 
    where
        p1_0.id=?
Hibernate: 
    delete 
    from
        products 
    where
        id=?
Hibernate: 
    select
        u1_0.id,
        u1_0.email,
        u1_0.name 
    from
        users u1_0 
    where
        u1_0.id=?
Hibernate: 
    delete 
    from
        users 
    where
        id=?
]]></system-out>
    <system-err><![CDATA[WARNING: A Java agent has been loaded dynamically (C:\Users\hieua\.m2\repository\net\bytebuddy\byte-buddy-agent\1.14.18\byte-buddy-agent-1.14.18.jar)
WARNING: If a serviceability tool is in use, please run with -XX:+EnableDynamicAgentLoading to hide this warning
WARNING: If a serviceability tool is not in use, please run with -Djdk.instrument.traceUsage for more information
WARNING: Dynamic loading of agents will be disallowed by default in a future release
]]></system-err>
  </testcase>
  <testcase name="testUserCrud" classname="com.example.demo.ApplicationIntegrationTest" time="0.097">
    <system-out><![CDATA[Hibernate: 
    select
        u1_0.id 
    from
        users u1_0 
    where
        u1_0.email=? 
    fetch
        first ? rows only
Hibernate: 
    insert 
    into
        users
        (email, name) 
    values
        (?, ?) 
    returning id
Hibernate: 
    select
        u1_0.id,
        u1_0.email,
        u1_0.name 
    from
        users u1_0 
    where
        u1_0.id=?
Hibernate: 
    select
        u1_0.id,
        u1_0.email,
        u1_0.name 
    from
        users u1_0 
    where
        u1_0.id=?
Hibernate: 
    update
        users 
    set
        email=?,
        name=? 
    where
        id=?
Hibernate: 
    select
        u1_0.id,
        u1_0.email,
        u1_0.name 
    from
        users u1_0 
    where
        u1_0.id=?
Hibernate: 
    delete 
    from
        users 
    where
        id=?
]]></system-out>
  </testcase>
  <testcase name="contextLoadsAndSchemaInitializes" classname="com.example.demo.ApplicationIntegrationTest" time="0.005"/>
</testsuite>